(node:43315) DeprecationWarning: The ready event has been renamed to clientReady to distinguish it from the gateway READY event and will only emit under that name in v15. Please use clientReady instead.
(Use `node --trace-deprecation ...` to show where the warning was created)
(node:46394) DeprecationWarning: The ready event has been renamed to clientReady to distinguish it from the gateway READY event and will only emit under that name in v15. Please use clientReady instead.
(Use `node --trace-deprecation ...` to show where the warning was created)
CombinedPropertyError (1)
  Received one or more errors

  input.iconURL
  | CombinedError (2)
  |   Received one or more errors
  | 
  |   1 ValidationError > s.nullish()
  |   |   Expected undefined or null
  |   | 
  |   |   Received:
  |   |   | '7a69bf91455242bdf311449033ec1641'
  | 
  |   2 ExpectedConstraintError > s.string().url()
  |   |   Invalid URL
  |   | 
  |   |   Expected: expected to match a URL
  |   | 
  |   |   Received:
  |   |   | '7a69bf91455242bdf311449033ec1641'

    at _ObjectValidator.handleIgnoreStrategy (/home/vexify/Bots/Altyshka/node_modules/@sapphire/shapeshift/dist/cjs/index.cjs:2136:70)
    at _ObjectValidator.handleStrategy (/home/vexify/Bots/Altyshka/node_modules/@sapphire/shapeshift/dist/cjs/index.cjs:1983:47)
    at _ObjectValidator.handle (/home/vexify/Bots/Altyshka/node_modules/@sapphire/shapeshift/dist/cjs/index.cjs:2089:17)
    at _ObjectValidator.parse (/home/vexify/Bots/Altyshka/node_modules/@sapphire/shapeshift/dist/cjs/index.cjs:972:90)
    at EmbedBuilder.setAuthor (/home/vexify/Bots/Altyshka/node_modules/@discordjs/builders/dist/index.js:305:26)
    at command.run (/home/vexify/Bots/Altyshka/dist/commands/admin/settings.js:14:22)
    at default_1.<anonymous> (/home/vexify/Bots/Altyshka/dist/events/Guild/interactionCreate.js:16:22)
    at default_1.emit (node:events:508:28)
    at InteractionCreateAction.handle (/home/vexify/Bots/Altyshka/node_modules/discord.js/src/client/actions/InteractionCreate.js:101:12)
    at module.exports [as INTERACTION_CREATE] (/home/vexify/Bots/Altyshka/node_modules/discord.js/src/client/websocket/handlers/INTERACTION_CREATE.js:4:36)
(node:46394) Warning: Supplying "ephemeral" for interaction response options is deprecated. Utilize flags instead.
(node:46478) DeprecationWarning: The ready event has been renamed to clientReady to distinguish it from the gateway READY event and will only emit under that name in v15. Please use clientReady instead.
(Use `node --trace-deprecation ...` to show where the warning was created)
(node:47163) DeprecationWarning: The ready event has been renamed to clientReady to distinguish it from the gateway READY event and will only emit under that name in v15. Please use clientReady instead.
(Use `node --trace-deprecation ...` to show where the warning was created)
(node:47233) DeprecationWarning: The ready event has been renamed to clientReady to distinguish it from the gateway READY event and will only emit under that name in v15. Please use clientReady instead.
(Use `node --trace-deprecation ...` to show where the warning was created)
/home/vexify/Bots/Altyshka/node_modules/@discordjs/rest/dist/index.js:762
      throw new DiscordAPIError(data, "code" in data ? data.code : data.error, status, method, url, requestData);
            ^

DiscordAPIError[50035]: Invalid Form Body
components[0].components[0].options[2][SELECT_COMPONENT_OPTION_VALUE_DUPLICATED]: The specified option value is already used
    at handleErrors (/home/vexify/Bots/Altyshka/node_modules/@discordjs/rest/dist/index.js:762:13)
    at process.processTicksAndRejections (node:internal/process/task_queues:103:5)
    at async SequentialHandler.runRequest (/home/vexify/Bots/Altyshka/node_modules/@discordjs/rest/dist/index.js:1163:23)
    at async SequentialHandler.queueRequest (/home/vexify/Bots/Altyshka/node_modules/@discordjs/rest/dist/index.js:994:14)
    at async _REST.request (/home/vexify/Bots/Altyshka/node_modules/@discordjs/rest/dist/index.js:1307:22)
    at async InteractionWebhook.editMessage (/home/vexify/Bots/Altyshka/node_modules/discord.js/src/structures/Webhook.js:351:15)
    at async ChatInputCommandInteraction.editReply (/home/vexify/Bots/Altyshka/node_modules/discord.js/src/structures/interfaces/InteractionResponses.js:247:17) {
  requestBody: {
    files: [],
    json: {
      content: undefined,
      tts: false,
      nonce: undefined,
      enforce_nonce: false,
      embeds: [
        {
          author: {
            name: 'Отношения участника: yturek',
            url: undefined,
            icon_url: undefined
          },
          fields: [ [Object], [Object], [Object] ],
          color: 2829617,
          thumbnail: {
            url: 'https://cdn.discordapp.com/avatars/922759598270742579/551d06efc3d60a2f0adab5138afe8015.webp'
          }
        }
      ],
      components: [ { type: 1, components: [ [Object] ] } ],
      username: undefined,
      avatar_url: undefined,
      allowed_mentions: undefined,
      flags: undefined,
      message_reference: undefined,
      attachments: undefined,
      sticker_ids: undefined,
      thread_name: undefined,
      applied_tags: undefined,
      poll: undefined
    }
  },
  rawError: {
    message: 'Invalid Form Body',
    code: 50035,
    errors: {
      components: { '0': { components: { '0': [Object] } } }
    }
  },
  code: 50035,
  status: 400,
  method: 'PATCH',
  url: 'https://discord.com/api/v10/webhooks/1448731626006777948/aW50ZXJhY3Rpb246MTQ1MDk4MzQxNzc2MzMzMjE1OTpKZjhTcmJTcDNHY2JZZ0hhVHNUb0dzaTh2QW1mekt5aU9DMVJaQXQyWU1CWGJxOWZuNmxuVFFoZzlLNUpNaDBQeFducXdybTFlQ1I3TEpidmEybVVQeG1kMk5udkJjcTRGdEtObXpxS2F6OHNMZElyVVhJSWRNS2V3a09MeTNFRw/messages/%40original'
}

Node.js v24.11.1
(node:47833) DeprecationWarning: The ready event has been renamed to clientReady to distinguish it from the gateway READY event and will only emit under that name in v15. Please use clientReady instead.
(Use `node --trace-deprecation ...` to show where the warning was created)
/home/vexify/Bots/Altyshka/node_modules/@discordjs/rest/dist/index.js:762
      throw new DiscordAPIError(data, "code" in data ? data.code : data.error, status, method, url, requestData);
            ^

DiscordAPIError[50035]: Invalid Form Body
components[0].components[0].options[2][SELECT_COMPONENT_OPTION_VALUE_DUPLICATED]: The specified option value is already used
    at handleErrors (/home/vexify/Bots/Altyshka/node_modules/@discordjs/rest/dist/index.js:762:13)
    at process.processTicksAndRejections (node:internal/process/task_queues:103:5)
    at async SequentialHandler.runRequest (/home/vexify/Bots/Altyshka/node_modules/@discordjs/rest/dist/index.js:1163:23)
    at async SequentialHandler.queueRequest (/home/vexify/Bots/Altyshka/node_modules/@discordjs/rest/dist/index.js:994:14)
    at async _REST.request (/home/vexify/Bots/Altyshka/node_modules/@discordjs/rest/dist/index.js:1307:22)
    at async InteractionWebhook.editMessage (/home/vexify/Bots/Altyshka/node_modules/discord.js/src/structures/Webhook.js:351:15)
    at async ChatInputCommandInteraction.editReply (/home/vexify/Bots/Altyshka/node_modules/discord.js/src/structures/interfaces/InteractionResponses.js:247:17) {
  requestBody: {
    files: [],
    json: {
      content: undefined,
      tts: false,
      nonce: undefined,
      enforce_nonce: false,
      embeds: [
        {
          author: {
            name: 'Отношения участника: press__f',
            url: undefined,
            icon_url: undefined
          },
          fields: [ [Object], [Object], [Object] ],
          color: 2829617,
          thumbnail: {
            url: 'https://cdn.discordapp.com/avatars/691643592623521823/5fec59901edacaf0115ff1d52797a140.webp'
          }
        }
      ],
      components: [ { type: 1, components: [ [Object] ] } ],
      username: undefined,
      avatar_url: undefined,
      allowed_mentions: undefined,
      flags: undefined,
      message_reference: undefined,
      attachments: undefined,
      sticker_ids: undefined,
      thread_name: undefined,
      applied_tags: undefined,
      poll: undefined
    }
  },
  rawError: {
    message: 'Invalid Form Body',
    code: 50035,
    errors: {
      components: { '0': { components: { '0': [Object] } } }
    }
  },
  code: 50035,
  status: 400,
  method: 'PATCH',
  url: 'https://discord.com/api/v10/webhooks/1448731626006777948/aW50ZXJhY3Rpb246MTQ1MTAxMTUxMjU1MzU3NDQ2MjpXTXBlb0w4RWRmYTJqN29IdlE0bU5adHVMbkE5WWwycjlxcjFaaUE4TG1QZXIyOXM4c1B2THQzRUtBd25pZWdQVUNTTFdZbVp5cUpNUG10ZW9iSjNOOU5JYmQ5TGI1QlZVejI4Y01kUzZoV3h5ZlBscm1UbHBxRnRUdTRxR0laZg/messages/%40original'
}

Node.js v24.11.1
(node:48016) DeprecationWarning: The ready event has been renamed to clientReady to distinguish it from the gateway READY event and will only emit under that name in v15. Please use clientReady instead.
(Use `node --trace-deprecation ...` to show where the warning was created)
/home/vexify/Bots/Altyshka/node_modules/@discordjs/rest/dist/index.js:762
      throw new DiscordAPIError(data, "code" in data ? data.code : data.error, status, method, url, requestData);
            ^

DiscordAPIError[50035]: Invalid Form Body
components[0].components[0].options[2][SELECT_COMPONENT_OPTION_VALUE_DUPLICATED]: The specified option value is already used
    at handleErrors (/home/vexify/Bots/Altyshka/node_modules/@discordjs/rest/dist/index.js:762:13)
    at process.processTicksAndRejections (node:internal/process/task_queues:103:5)
    at async SequentialHandler.runRequest (/home/vexify/Bots/Altyshka/node_modules/@discordjs/rest/dist/index.js:1163:23)
    at async SequentialHandler.queueRequest (/home/vexify/Bots/Altyshka/node_modules/@discordjs/rest/dist/index.js:994:14)
    at async _REST.request (/home/vexify/Bots/Altyshka/node_modules/@discordjs/rest/dist/index.js:1307:22)
    at async InteractionWebhook.editMessage (/home/vexify/Bots/Altyshka/node_modules/discord.js/src/structures/Webhook.js:351:15)
    at async ChatInputCommandInteraction.editReply (/home/vexify/Bots/Altyshka/node_modules/discord.js/src/structures/interfaces/InteractionResponses.js:247:17) {
  requestBody: {
    files: [],
    json: {
      content: undefined,
      tts: false,
      nonce: undefined,
      enforce_nonce: false,
      embeds: [
        {
          author: {
            name: 'Отношения участника: yturek',
            url: undefined,
            icon_url: undefined
          },
          fields: [ [Object], [Object], [Object] ],
          color: 2829617,
          thumbnail: {
            url: 'https://cdn.discordapp.com/avatars/922759598270742579/551d06efc3d60a2f0adab5138afe8015.webp'
          }
        }
      ],
      components: [ { type: 1, components: [ [Object] ] } ],
      username: undefined,
      avatar_url: undefined,
      allowed_mentions: undefined,
      flags: undefined,
      message_reference: undefined,
      attachments: undefined,
      sticker_ids: undefined,
      thread_name: undefined,
      applied_tags: undefined,
      poll: undefined
    }
  },
  rawError: {
    message: 'Invalid Form Body',
    code: 50035,
    errors: {
      components: { '0': { components: { '0': [Object] } } }
    }
  },
  code: 50035,
  status: 400,
  method: 'PATCH',
  url: 'https://discord.com/api/v10/webhooks/1448731626006777948/aW50ZXJhY3Rpb246MTQ1MTAyMTEzODIzMzY1NTI5Nzp1dzRKMzdGTnlhZ0F0cFBBaUFiM016SGIzY0hBcnFZRkgyUkhubmhveFhWWjRBV1VaRzlPY0JZR0lYWnA1eXRReXZKQWR3SWFyb0x6YXhCVU5ReG0zWWxCNTZTakNUZ3F1RVV3ak41TzlMdVNJb3NlTDdHQUJQeXR6NnZKYTJsZw/messages/%40original'
}

Node.js v24.11.1
(node:48088) DeprecationWarning: The ready event has been renamed to clientReady to distinguish it from the gateway READY event and will only emit under that name in v15. Please use clientReady instead.
(Use `node --trace-deprecation ...` to show where the warning was created)
/home/vexify/Bots/Altyshka/node_modules/@discordjs/rest/dist/index.js:762
      throw new DiscordAPIError(data, "code" in data ? data.code : data.error, status, method, url, requestData);
            ^

DiscordAPIError[50035]: Invalid Form Body
components[0].components[0].options[2][SELECT_COMPONENT_OPTION_VALUE_DUPLICATED]: The specified option value is already used
    at handleErrors (/home/vexify/Bots/Altyshka/node_modules/@discordjs/rest/dist/index.js:762:13)
    at process.processTicksAndRejections (node:internal/process/task_queues:103:5)
    at async SequentialHandler.runRequest (/home/vexify/Bots/Altyshka/node_modules/@discordjs/rest/dist/index.js:1163:23)
    at async SequentialHandler.queueRequest (/home/vexify/Bots/Altyshka/node_modules/@discordjs/rest/dist/index.js:994:14)
    at async _REST.request (/home/vexify/Bots/Altyshka/node_modules/@discordjs/rest/dist/index.js:1307:22)
    at async InteractionWebhook.editMessage (/home/vexify/Bots/Altyshka/node_modules/discord.js/src/structures/Webhook.js:351:15)
    at async ChatInputCommandInteraction.editReply (/home/vexify/Bots/Altyshka/node_modules/discord.js/src/structures/interfaces/InteractionResponses.js:247:17) {
  requestBody: {
    files: [],
    json: {
      content: undefined,
      tts: false,
      nonce: undefined,
      enforce_nonce: false,
      embeds: [
        {
          author: {
            name: 'Отношения участника: yturek',
            url: undefined,
            icon_url: undefined
          },
          fields: [ [Object], [Object], [Object] ],
          color: 2829617,
          thumbnail: {
            url: 'https://cdn.discordapp.com/avatars/922759598270742579/551d06efc3d60a2f0adab5138afe8015.webp'
          }
        }
      ],
      components: [ { type: 1, components: [ [Object] ] } ],
      username: undefined,
      avatar_url: undefined,
      allowed_mentions: undefined,
      flags: undefined,
      message_reference: undefined,
      attachments: undefined,
      sticker_ids: undefined,
      thread_name: undefined,
      applied_tags: undefined,
      poll: undefined
    }
  },
  rawError: {
    message: 'Invalid Form Body',
    code: 50035,
    errors: {
      components: { '0': { components: { '0': [Object] } } }
    }
  },
  code: 50035,
  status: 400,
  method: 'PATCH',
  url: 'https://discord.com/api/v10/webhooks/1448731626006777948/aW50ZXJhY3Rpb246MTQ1MTAyMTM0MTg3MTMxMzAxODpxcFYzUFhhTjhVS0lIa1FvVW9qWWNyaUJHcHNJQUR3Q3hYY2xGeDVkdTFEMUxYS0NkYlc2VHhBamRmQkVieWdET2lxSmUyOGtyTEx0cHBIdHRWVktEVFNjRm1ZU3Fjb2ZQSXc4UWozMGZKcGR1dGdhRzNzUUFuSHV1c2VVTnJ0dA/messages/%40original'
}

Node.js v24.11.1
(node:48099) DeprecationWarning: The ready event has been renamed to clientReady to distinguish it from the gateway READY event and will only emit under that name in v15. Please use clientReady instead.
(Use `node --trace-deprecation ...` to show where the warning was created)
/home/vexify/Bots/Altyshka/node_modules/@discordjs/rest/dist/index.js:762
      throw new DiscordAPIError(data, "code" in data ? data.code : data.error, status, method, url, requestData);
            ^

DiscordAPIError[10008]: Unknown Message
    at handleErrors (/home/vexify/Bots/Altyshka/node_modules/@discordjs/rest/dist/index.js:762:13)
    at process.processTicksAndRejections (node:internal/process/task_queues:103:5)
    at async SequentialHandler.runRequest (/home/vexify/Bots/Altyshka/node_modules/@discordjs/rest/dist/index.js:1163:23)
    at async SequentialHandler.queueRequest (/home/vexify/Bots/Altyshka/node_modules/@discordjs/rest/dist/index.js:994:14)
    at async _REST.request (/home/vexify/Bots/Altyshka/node_modules/@discordjs/rest/dist/index.js:1307:22)
    at async InteractionWebhook.editMessage (/home/vexify/Bots/Altyshka/node_modules/discord.js/src/structures/Webhook.js:351:15)
    at async ChatInputCommandInteraction.editReply (/home/vexify/Bots/Altyshka/node_modules/discord.js/src/structures/interfaces/InteractionResponses.js:247:17)
    at async InteractionCollector.<anonymous> (/home/vexify/Bots/Altyshka/dist/commands/economy/profile.js:97:13) {
  requestBody: {
    files: [],
    json: {
      content: undefined,
      tts: false,
      nonce: undefined,
      enforce_nonce: false,
      embeds: undefined,
      components: [],
      username: undefined,
      avatar_url: undefined,
      allowed_mentions: undefined,
      flags: undefined,
      message_reference: undefined,
      attachments: undefined,
      sticker_ids: undefined,
      thread_name: undefined,
      applied_tags: undefined,
      poll: undefined
    }
  },
  rawError: { message: 'Unknown Message', code: 10008 },
  code: 10008,
  status: 404,
  method: 'PATCH',
  url: 'https://discord.com/api/v10/webhooks/1448731626006777948/aW50ZXJhY3Rpb246MTQ1MTA5NDEwMzA1MDY4MjQwMDplT0NtZ0J5MDNOSzl2c0F3UnRSaE4xcDRvRzlYYXRaYXM5dHYwU2xMMTBZcUFFT0M3MVg4VFhxN1c2NmFyVjNOcnVmdXpvVTcyOE9YcmxKSUszRHJGUkV1T3l4ZEEwZlBRZ0h2Z0Z1WnNFZmUxeTdoSFBlTmRFVDZZT2twM05QaQ/messages/%40original'
}

Node.js v24.11.1
(node:48932) DeprecationWarning: The ready event has been renamed to clientReady to distinguish it from the gateway READY event and will only emit under that name in v15. Please use clientReady instead.
(Use `node --trace-deprecation ...` to show where the warning was created)
/home/vexify/Bots/Altyshka/node_modules/@discordjs/rest/dist/index.js:762
      throw new DiscordAPIError(data, "code" in data ? data.code : data.error, status, method, url, requestData);
            ^

DiscordAPIError[50035]: Invalid Form Body
components[0].components[0].options[2][SELECT_COMPONENT_OPTION_VALUE_DUPLICATED]: The specified option value is already used
    at handleErrors (/home/vexify/Bots/Altyshka/node_modules/@discordjs/rest/dist/index.js:762:13)
    at process.processTicksAndRejections (node:internal/process/task_queues:103:5)
    at async SequentialHandler.runRequest (/home/vexify/Bots/Altyshka/node_modules/@discordjs/rest/dist/index.js:1163:23)
    at async SequentialHandler.queueRequest (/home/vexify/Bots/Altyshka/node_modules/@discordjs/rest/dist/index.js:994:14)
    at async _REST.request (/home/vexify/Bots/Altyshka/node_modules/@discordjs/rest/dist/index.js:1307:22)
    at async InteractionWebhook.editMessage (/home/vexify/Bots/Altyshka/node_modules/discord.js/src/structures/Webhook.js:351:15)
    at async ChatInputCommandInteraction.editReply (/home/vexify/Bots/Altyshka/node_modules/discord.js/src/structures/interfaces/InteractionResponses.js:247:17) {
  requestBody: {
    files: [],
    json: {
      content: undefined,
      tts: false,
      nonce: undefined,
      enforce_nonce: false,
      embeds: [
        {
          author: {
            name: 'Отношения участника: alunarloner',
            url: undefined,
            icon_url: undefined
          },
          fields: [ [Object], [Object], [Object] ],
          color: 2829617,
          thumbnail: {
            url: 'https://cdn.discordapp.com/avatars/515575447124181007/7a69bf91455242bdf311449033ec1641.webp'
          }
        }
      ],
      components: [ { type: 1, components: [ [Object] ] } ],
      username: undefined,
      avatar_url: undefined,
      allowed_mentions: undefined,
      flags: undefined,
      message_reference: undefined,
      attachments: undefined,
      sticker_ids: undefined,
      thread_name: undefined,
      applied_tags: undefined,
      poll: undefined
    }
  },
  rawError: {
    message: 'Invalid Form Body',
    code: 50035,
    errors: {
      components: { '0': { components: { '0': [Object] } } }
    }
  },
  code: 50035,
  status: 400,
  method: 'PATCH',
  url: 'https://discord.com/api/v10/webhooks/1448731626006777948/aW50ZXJhY3Rpb246MTQ1MTE1MjM3NzgyMTUyODE2NDoyRm1WeVZjaElaTDlBaEQ5S0hoc1FxOEFWSlRqRnFmWDRIWjlxMVI5UkRPZkF3aEhZMXRmcTJWRzB0UWNFaGxyRk5FRDk1bG50UkU3MGVmWFhmMXJESVBPRkhEUTd1WkhJUVFzeFdTWUI2djVGZDg4aTZTRGpKZ1YwNEkyWWlvTA/messages/%40original'
}

Node.js v24.11.1
(node:49858) DeprecationWarning: The ready event has been renamed to clientReady to distinguish it from the gateway READY event and will only emit under that name in v15. Please use clientReady instead.
(Use `node --trace-deprecation ...` to show where the warning was created)
/home/vexify/Bots/Altyshka/node_modules/@sapphire/shapeshift/dist/cjs/index.cjs:835
    throw this.error;
    ^

ExpectedConstraintError: Invalid string format
    at Object.run (/home/vexify/Bots/Altyshka/node_modules/@sapphire/shapeshift/dist/cjs/index.cjs:2475:64)
    at /home/vexify/Bots/Altyshka/node_modules/@sapphire/shapeshift/dist/cjs/index.cjs:972:67
    at Array.reduce (<anonymous>)
    at _StringValidator.parse (/home/vexify/Bots/Altyshka/node_modules/@sapphire/shapeshift/dist/cjs/index.cjs:972:29)
    at validateName (/home/vexify/Bots/Altyshka/node_modules/@discordjs/builders/dist/index.js:2897:17)
    at MixedClass.setName (/home/vexify/Bots/Altyshka/node_modules/@discordjs/builders/dist/index.js:2999:5)
    at Object.<anonymous> (/home/vexify/Bots/Altyshka/dist/commands/admin/addVoiceTime.js:12:10)
    at Module._compile (node:internal/modules/cjs/loader:1761:14)
    at Object..js (node:internal/modules/cjs/loader:1893:10)
    at Module.load (node:internal/modules/cjs/loader:1481:32) {
  constraint: 's.string().regex()',
  given: 'addVoiceUserTime',
  expected: 'expected /^[\\p{Ll}\\p{Lm}\\p{Lo}\\p{N}\\p{sc=Devanagari}\\p{sc=Thai}_-]+$/u.test(expected) to be true'
}

Node.js v24.11.1
/home/vexify/Bots/Altyshka/node_modules/@sapphire/shapeshift/dist/cjs/index.cjs:835
    throw this.error;
    ^

ExpectedConstraintError: Invalid string format
    at Object.run (/home/vexify/Bots/Altyshka/node_modules/@sapphire/shapeshift/dist/cjs/index.cjs:2475:64)
    at /home/vexify/Bots/Altyshka/node_modules/@sapphire/shapeshift/dist/cjs/index.cjs:972:67
    at Array.reduce (<anonymous>)
    at _StringValidator.parse (/home/vexify/Bots/Altyshka/node_modules/@sapphire/shapeshift/dist/cjs/index.cjs:972:29)
    at validateName (/home/vexify/Bots/Altyshka/node_modules/@discordjs/builders/dist/index.js:2897:17)
    at MixedClass.setName (/home/vexify/Bots/Altyshka/node_modules/@discordjs/builders/dist/index.js:2999:5)
    at Object.<anonymous> (/home/vexify/Bots/Altyshka/dist/commands/admin/addVoiceTime.js:12:10)
    at Module._compile (node:internal/modules/cjs/loader:1761:14)
    at Object..js (node:internal/modules/cjs/loader:1893:10)
    at Module.load (node:internal/modules/cjs/loader:1481:32) {
  constraint: 's.string().regex()',
  given: 'addVoiceUserTime',
  expected: 'expected /^[\\p{Ll}\\p{Lm}\\p{Lo}\\p{N}\\p{sc=Devanagari}\\p{sc=Thai}_-]+$/u.test(expected) to be true'
}

Node.js v24.11.1
/home/vexify/Bots/Altyshka/node_modules/@sapphire/shapeshift/dist/cjs/index.cjs:835
    throw this.error;
    ^

ExpectedConstraintError: Invalid string format
    at Object.run (/home/vexify/Bots/Altyshka/node_modules/@sapphire/shapeshift/dist/cjs/index.cjs:2475:64)
    at /home/vexify/Bots/Altyshka/node_modules/@sapphire/shapeshift/dist/cjs/index.cjs:972:67
    at Array.reduce (<anonymous>)
    at _StringValidator.parse (/home/vexify/Bots/Altyshka/node_modules/@sapphire/shapeshift/dist/cjs/index.cjs:972:29)
    at validateName (/home/vexify/Bots/Altyshka/node_modules/@discordjs/builders/dist/index.js:2897:17)
    at MixedClass.setName (/home/vexify/Bots/Altyshka/node_modules/@discordjs/builders/dist/index.js:2999:5)
    at Object.<anonymous> (/home/vexify/Bots/Altyshka/dist/commands/admin/addVoiceTime.js:12:10)
    at Module._compile (node:internal/modules/cjs/loader:1761:14)
    at Object..js (node:internal/modules/cjs/loader:1893:10)
    at Module.load (node:internal/modules/cjs/loader:1481:32) {
  constraint: 's.string().regex()',
  given: 'addVoiceUserTime',
  expected: 'expected /^[\\p{Ll}\\p{Lm}\\p{Lo}\\p{N}\\p{sc=Devanagari}\\p{sc=Thai}_-]+$/u.test(expected) to be true'
}

Node.js v24.11.1
/home/vexify/Bots/Altyshka/node_modules/@sapphire/shapeshift/dist/cjs/index.cjs:835
    throw this.error;
    ^

ExpectedConstraintError: Invalid string format
    at Object.run (/home/vexify/Bots/Altyshka/node_modules/@sapphire/shapeshift/dist/cjs/index.cjs:2475:64)
    at /home/vexify/Bots/Altyshka/node_modules/@sapphire/shapeshift/dist/cjs/index.cjs:972:67
    at Array.reduce (<anonymous>)
    at _StringValidator.parse (/home/vexify/Bots/Altyshka/node_modules/@sapphire/shapeshift/dist/cjs/index.cjs:972:29)
    at validateName (/home/vexify/Bots/Altyshka/node_modules/@discordjs/builders/dist/index.js:2897:17)
    at MixedClass.setName (/home/vexify/Bots/Altyshka/node_modules/@discordjs/builders/dist/index.js:2999:5)
    at Object.<anonymous> (/home/vexify/Bots/Altyshka/dist/commands/admin/addVoiceTime.js:12:10)
    at Module._compile (node:internal/modules/cjs/loader:1761:14)
    at Object..js (node:internal/modules/cjs/loader:1893:10)
    at Module.load (node:internal/modules/cjs/loader:1481:32) {
  constraint: 's.string().regex()',
  given: 'addVoiceUserTime',
  expected: 'expected /^[\\p{Ll}\\p{Lm}\\p{Lo}\\p{N}\\p{sc=Devanagari}\\p{sc=Thai}_-]+$/u.test(expected) to be true'
}

Node.js v24.11.1
/home/vexify/Bots/Altyshka/node_modules/@sapphire/shapeshift/dist/cjs/index.cjs:835
    throw this.error;
    ^

ExpectedConstraintError: Invalid string format
    at Object.run (/home/vexify/Bots/Altyshka/node_modules/@sapphire/shapeshift/dist/cjs/index.cjs:2475:64)
    at /home/vexify/Bots/Altyshka/node_modules/@sapphire/shapeshift/dist/cjs/index.cjs:972:67
    at Array.reduce (<anonymous>)
    at _StringValidator.parse (/home/vexify/Bots/Altyshka/node_modules/@sapphire/shapeshift/dist/cjs/index.cjs:972:29)
    at validateName (/home/vexify/Bots/Altyshka/node_modules/@discordjs/builders/dist/index.js:2897:17)
    at MixedClass.setName (/home/vexify/Bots/Altyshka/node_modules/@discordjs/builders/dist/index.js:2999:5)
    at Object.<anonymous> (/home/vexify/Bots/Altyshka/dist/commands/admin/addVoiceTime.js:12:10)
    at Module._compile (node:internal/modules/cjs/loader:1761:14)
    at Object..js (node:internal/modules/cjs/loader:1893:10)
    at Module.load (node:internal/modules/cjs/loader:1481:32) {
  constraint: 's.string().regex()',
  given: 'addVoiceUserTime',
  expected: 'expected /^[\\p{Ll}\\p{Lm}\\p{Lo}\\p{N}\\p{sc=Devanagari}\\p{sc=Thai}_-]+$/u.test(expected) to be true'
}

Node.js v24.11.1
/home/vexify/Bots/Altyshka/node_modules/@sapphire/shapeshift/dist/cjs/index.cjs:835
    throw this.error;
    ^

ExpectedConstraintError: Invalid string format
    at Object.run (/home/vexify/Bots/Altyshka/node_modules/@sapphire/shapeshift/dist/cjs/index.cjs:2475:64)
    at /home/vexify/Bots/Altyshka/node_modules/@sapphire/shapeshift/dist/cjs/index.cjs:972:67
    at Array.reduce (<anonymous>)
    at _StringValidator.parse (/home/vexify/Bots/Altyshka/node_modules/@sapphire/shapeshift/dist/cjs/index.cjs:972:29)
    at validateName (/home/vexify/Bots/Altyshka/node_modules/@discordjs/builders/dist/index.js:2897:17)
    at MixedClass.setName (/home/vexify/Bots/Altyshka/node_modules/@discordjs/builders/dist/index.js:2999:5)
    at Object.<anonymous> (/home/vexify/Bots/Altyshka/dist/commands/admin/addVoiceTime.js:12:10)
    at Module._compile (node:internal/modules/cjs/loader:1761:14)
    at Object..js (node:internal/modules/cjs/loader:1893:10)
    at Module.load (node:internal/modules/cjs/loader:1481:32) {
  constraint: 's.string().regex()',
  given: 'addVoiceUserTime',
  expected: 'expected /^[\\p{Ll}\\p{Lm}\\p{Lo}\\p{N}\\p{sc=Devanagari}\\p{sc=Thai}_-]+$/u.test(expected) to be true'
}

Node.js v24.11.1
/home/vexify/Bots/Altyshka/node_modules/@sapphire/shapeshift/dist/cjs/index.cjs:835
    throw this.error;
    ^

ExpectedConstraintError: Invalid string format
    at Object.run (/home/vexify/Bots/Altyshka/node_modules/@sapphire/shapeshift/dist/cjs/index.cjs:2475:64)
    at /home/vexify/Bots/Altyshka/node_modules/@sapphire/shapeshift/dist/cjs/index.cjs:972:67
    at Array.reduce (<anonymous>)
    at _StringValidator.parse (/home/vexify/Bots/Altyshka/node_modules/@sapphire/shapeshift/dist/cjs/index.cjs:972:29)
    at validateName (/home/vexify/Bots/Altyshka/node_modules/@discordjs/builders/dist/index.js:2897:17)
    at MixedClass.setName (/home/vexify/Bots/Altyshka/node_modules/@discordjs/builders/dist/index.js:2999:5)
    at Object.<anonymous> (/home/vexify/Bots/Altyshka/dist/commands/admin/addVoiceTime.js:12:10)
    at Module._compile (node:internal/modules/cjs/loader:1761:14)
    at Object..js (node:internal/modules/cjs/loader:1893:10)
    at Module.load (node:internal/modules/cjs/loader:1481:32) {
  constraint: 's.string().regex()',
  given: 'addVoiceUserTime',
  expected: 'expected /^[\\p{Ll}\\p{Lm}\\p{Lo}\\p{N}\\p{sc=Devanagari}\\p{sc=Thai}_-]+$/u.test(expected) to be true'
}

Node.js v24.11.1
/home/vexify/Bots/Altyshka/node_modules/@sapphire/shapeshift/dist/cjs/index.cjs:835
    throw this.error;
    ^

ExpectedConstraintError: Invalid string format
    at Object.run (/home/vexify/Bots/Altyshka/node_modules/@sapphire/shapeshift/dist/cjs/index.cjs:2475:64)
    at /home/vexify/Bots/Altyshka/node_modules/@sapphire/shapeshift/dist/cjs/index.cjs:972:67
    at Array.reduce (<anonymous>)
    at _StringValidator.parse (/home/vexify/Bots/Altyshka/node_modules/@sapphire/shapeshift/dist/cjs/index.cjs:972:29)
    at validateName (/home/vexify/Bots/Altyshka/node_modules/@discordjs/builders/dist/index.js:2897:17)
    at MixedClass.setName (/home/vexify/Bots/Altyshka/node_modules/@discordjs/builders/dist/index.js:2999:5)
    at Object.<anonymous> (/home/vexify/Bots/Altyshka/dist/commands/admin/addVoiceTime.js:12:10)
    at Module._compile (node:internal/modules/cjs/loader:1761:14)
    at Object..js (node:internal/modules/cjs/loader:1893:10)
    at Module.load (node:internal/modules/cjs/loader:1481:32) {
  constraint: 's.string().regex()',
  given: 'addVoiceUserTime',
  expected: 'expected /^[\\p{Ll}\\p{Lm}\\p{Lo}\\p{N}\\p{sc=Devanagari}\\p{sc=Thai}_-]+$/u.test(expected) to be true'
}

Node.js v24.11.1
/home/vexify/Bots/Altyshka/node_modules/@sapphire/shapeshift/dist/cjs/index.cjs:835
    throw this.error;
    ^

ExpectedConstraintError: Invalid string format
    at Object.run (/home/vexify/Bots/Altyshka/node_modules/@sapphire/shapeshift/dist/cjs/index.cjs:2475:64)
    at /home/vexify/Bots/Altyshka/node_modules/@sapphire/shapeshift/dist/cjs/index.cjs:972:67
    at Array.reduce (<anonymous>)
    at _StringValidator.parse (/home/vexify/Bots/Altyshka/node_modules/@sapphire/shapeshift/dist/cjs/index.cjs:972:29)
    at validateName (/home/vexify/Bots/Altyshka/node_modules/@discordjs/builders/dist/index.js:2897:17)
    at MixedClass.setName (/home/vexify/Bots/Altyshka/node_modules/@discordjs/builders/dist/index.js:2999:5)
    at Object.<anonymous> (/home/vexify/Bots/Altyshka/dist/commands/admin/addVoiceTime.js:12:10)
    at Module._compile (node:internal/modules/cjs/loader:1761:14)
    at Object..js (node:internal/modules/cjs/loader:1893:10)
    at Module.load (node:internal/modules/cjs/loader:1481:32) {
  constraint: 's.string().regex()',
  given: 'addVoiceUserTime',
  expected: 'expected /^[\\p{Ll}\\p{Lm}\\p{Lo}\\p{N}\\p{sc=Devanagari}\\p{sc=Thai}_-]+$/u.test(expected) to be true'
}

Node.js v24.11.1
/home/vexify/Bots/Altyshka/node_modules/@sapphire/shapeshift/dist/cjs/index.cjs:835
    throw this.error;
    ^

ExpectedConstraintError: Invalid string format
    at Object.run (/home/vexify/Bots/Altyshka/node_modules/@sapphire/shapeshift/dist/cjs/index.cjs:2475:64)
    at /home/vexify/Bots/Altyshka/node_modules/@sapphire/shapeshift/dist/cjs/index.cjs:972:67
    at Array.reduce (<anonymous>)
    at _StringValidator.parse (/home/vexify/Bots/Altyshka/node_modules/@sapphire/shapeshift/dist/cjs/index.cjs:972:29)
    at validateName (/home/vexify/Bots/Altyshka/node_modules/@discordjs/builders/dist/index.js:2897:17)
    at MixedClass.setName (/home/vexify/Bots/Altyshka/node_modules/@discordjs/builders/dist/index.js:2999:5)
    at Object.<anonymous> (/home/vexify/Bots/Altyshka/dist/commands/admin/addVoiceTime.js:12:10)
    at Module._compile (node:internal/modules/cjs/loader:1761:14)
    at Object..js (node:internal/modules/cjs/loader:1893:10)
    at Module.load (node:internal/modules/cjs/loader:1481:32) {
  constraint: 's.string().regex()',
  given: 'addVoiceUserTime',
  expected: 'expected /^[\\p{Ll}\\p{Lm}\\p{Lo}\\p{N}\\p{sc=Devanagari}\\p{sc=Thai}_-]+$/u.test(expected) to be true'
}

Node.js v24.11.1
/home/vexify/Bots/Altyshka/node_modules/@sapphire/shapeshift/dist/cjs/index.cjs:835
    throw this.error;
    ^

ExpectedConstraintError: Invalid string format
    at Object.run (/home/vexify/Bots/Altyshka/node_modules/@sapphire/shapeshift/dist/cjs/index.cjs:2475:64)
    at /home/vexify/Bots/Altyshka/node_modules/@sapphire/shapeshift/dist/cjs/index.cjs:972:67
    at Array.reduce (<anonymous>)
    at _StringValidator.parse (/home/vexify/Bots/Altyshka/node_modules/@sapphire/shapeshift/dist/cjs/index.cjs:972:29)
    at validateName (/home/vexify/Bots/Altyshka/node_modules/@discordjs/builders/dist/index.js:2897:17)
    at MixedClass.setName (/home/vexify/Bots/Altyshka/node_modules/@discordjs/builders/dist/index.js:2999:5)
    at Object.<anonymous> (/home/vexify/Bots/Altyshka/dist/commands/admin/addVoiceTime.js:12:10)
    at Module._compile (node:internal/modules/cjs/loader:1761:14)
    at Object..js (node:internal/modules/cjs/loader:1893:10)
    at Module.load (node:internal/modules/cjs/loader:1481:32) {
  constraint: 's.string().regex()',
  given: 'addVoiceUserTime',
  expected: 'expected /^[\\p{Ll}\\p{Lm}\\p{Lo}\\p{N}\\p{sc=Devanagari}\\p{sc=Thai}_-]+$/u.test(expected) to be true'
}

Node.js v24.11.1
/home/vexify/Bots/Altyshka/node_modules/@sapphire/shapeshift/dist/cjs/index.cjs:835
    throw this.error;
    ^

ExpectedConstraintError: Invalid string format
    at Object.run (/home/vexify/Bots/Altyshka/node_modules/@sapphire/shapeshift/dist/cjs/index.cjs:2475:64)
    at /home/vexify/Bots/Altyshka/node_modules/@sapphire/shapeshift/dist/cjs/index.cjs:972:67
    at Array.reduce (<anonymous>)
    at _StringValidator.parse (/home/vexify/Bots/Altyshka/node_modules/@sapphire/shapeshift/dist/cjs/index.cjs:972:29)
    at validateName (/home/vexify/Bots/Altyshka/node_modules/@discordjs/builders/dist/index.js:2897:17)
    at MixedClass.setName (/home/vexify/Bots/Altyshka/node_modules/@discordjs/builders/dist/index.js:2999:5)
    at Object.<anonymous> (/home/vexify/Bots/Altyshka/dist/commands/admin/addVoiceTime.js:12:10)
    at Module._compile (node:internal/modules/cjs/loader:1761:14)
    at Object..js (node:internal/modules/cjs/loader:1893:10)
    at Module.load (node:internal/modules/cjs/loader:1481:32) {
  constraint: 's.string().regex()',
  given: 'addVoiceUserTime',
  expected: 'expected /^[\\p{Ll}\\p{Lm}\\p{Lo}\\p{N}\\p{sc=Devanagari}\\p{sc=Thai}_-]+$/u.test(expected) to be true'
}

Node.js v24.11.1
/home/vexify/Bots/Altyshka/node_modules/@sapphire/shapeshift/dist/cjs/index.cjs:835
    throw this.error;
    ^

ExpectedConstraintError: Invalid string format
    at Object.run (/home/vexify/Bots/Altyshka/node_modules/@sapphire/shapeshift/dist/cjs/index.cjs:2475:64)
    at /home/vexify/Bots/Altyshka/node_modules/@sapphire/shapeshift/dist/cjs/index.cjs:972:67
    at Array.reduce (<anonymous>)
    at _StringValidator.parse (/home/vexify/Bots/Altyshka/node_modules/@sapphire/shapeshift/dist/cjs/index.cjs:972:29)
    at validateName (/home/vexify/Bots/Altyshka/node_modules/@discordjs/builders/dist/index.js:2897:17)
    at MixedClass.setName (/home/vexify/Bots/Altyshka/node_modules/@discordjs/builders/dist/index.js:2999:5)
    at Object.<anonymous> (/home/vexify/Bots/Altyshka/dist/commands/admin/addVoiceTime.js:12:10)
    at Module._compile (node:internal/modules/cjs/loader:1761:14)
    at Object..js (node:internal/modules/cjs/loader:1893:10)
    at Module.load (node:internal/modules/cjs/loader:1481:32) {
  constraint: 's.string().regex()',
  given: 'addVoiceUserTime',
  expected: 'expected /^[\\p{Ll}\\p{Lm}\\p{Lo}\\p{N}\\p{sc=Devanagari}\\p{sc=Thai}_-]+$/u.test(expected) to be true'
}

Node.js v24.11.1
/home/vexify/Bots/Altyshka/node_modules/@sapphire/shapeshift/dist/cjs/index.cjs:835
    throw this.error;
    ^

ExpectedConstraintError: Invalid string format
    at Object.run (/home/vexify/Bots/Altyshka/node_modules/@sapphire/shapeshift/dist/cjs/index.cjs:2475:64)
    at /home/vexify/Bots/Altyshka/node_modules/@sapphire/shapeshift/dist/cjs/index.cjs:972:67
    at Array.reduce (<anonymous>)
    at _StringValidator.parse (/home/vexify/Bots/Altyshka/node_modules/@sapphire/shapeshift/dist/cjs/index.cjs:972:29)
    at validateName (/home/vexify/Bots/Altyshka/node_modules/@discordjs/builders/dist/index.js:2897:17)
    at MixedClass.setName (/home/vexify/Bots/Altyshka/node_modules/@discordjs/builders/dist/index.js:2999:5)
    at Object.<anonymous> (/home/vexify/Bots/Altyshka/dist/commands/admin/addVoiceTime.js:12:10)
    at Module._compile (node:internal/modules/cjs/loader:1761:14)
    at Object..js (node:internal/modules/cjs/loader:1893:10)
    at Module.load (node:internal/modules/cjs/loader:1481:32) {
  constraint: 's.string().regex()',
  given: 'addVoiceUserTime',
  expected: 'expected /^[\\p{Ll}\\p{Lm}\\p{Lo}\\p{N}\\p{sc=Devanagari}\\p{sc=Thai}_-]+$/u.test(expected) to be true'
}

Node.js v24.11.1
/home/vexify/Bots/Altyshka/node_modules/@sapphire/shapeshift/dist/cjs/index.cjs:835
    throw this.error;
    ^

ExpectedConstraintError: Invalid string format
    at Object.run (/home/vexify/Bots/Altyshka/node_modules/@sapphire/shapeshift/dist/cjs/index.cjs:2475:64)
    at /home/vexify/Bots/Altyshka/node_modules/@sapphire/shapeshift/dist/cjs/index.cjs:972:67
    at Array.reduce (<anonymous>)
    at _StringValidator.parse (/home/vexify/Bots/Altyshka/node_modules/@sapphire/shapeshift/dist/cjs/index.cjs:972:29)
    at validateName (/home/vexify/Bots/Altyshka/node_modules/@discordjs/builders/dist/index.js:2897:17)
    at MixedClass.setName (/home/vexify/Bots/Altyshka/node_modules/@discordjs/builders/dist/index.js:2999:5)
    at Object.<anonymous> (/home/vexify/Bots/Altyshka/dist/commands/admin/addVoiceTime.js:12:10)
    at Module._compile (node:internal/modules/cjs/loader:1761:14)
    at Object..js (node:internal/modules/cjs/loader:1893:10)
    at Module.load (node:internal/modules/cjs/loader:1481:32) {
  constraint: 's.string().regex()',
  given: 'addVoiceUserTime',
  expected: 'expected /^[\\p{Ll}\\p{Lm}\\p{Lo}\\p{N}\\p{sc=Devanagari}\\p{sc=Thai}_-]+$/u.test(expected) to be true'
}

Node.js v24.11.1
/home/vexify/Bots/Altyshka/node_modules/@sapphire/shapeshift/dist/cjs/index.cjs:835
    throw this.error;
    ^

ExpectedConstraintError: Invalid string format
    at Object.run (/home/vexify/Bots/Altyshka/node_modules/@sapphire/shapeshift/dist/cjs/index.cjs:2475:64)
    at /home/vexify/Bots/Altyshka/node_modules/@sapphire/shapeshift/dist/cjs/index.cjs:972:67
    at Array.reduce (<anonymous>)
    at _StringValidator.parse (/home/vexify/Bots/Altyshka/node_modules/@sapphire/shapeshift/dist/cjs/index.cjs:972:29)
    at validateName (/home/vexify/Bots/Altyshka/node_modules/@discordjs/builders/dist/index.js:2897:17)
    at MixedClass.setName (/home/vexify/Bots/Altyshka/node_modules/@discordjs/builders/dist/index.js:2999:5)
    at Object.<anonymous> (/home/vexify/Bots/Altyshka/dist/commands/admin/addVoiceTime.js:12:10)
    at Module._compile (node:internal/modules/cjs/loader:1761:14)
    at Object..js (node:internal/modules/cjs/loader:1893:10)
    at Module.load (node:internal/modules/cjs/loader:1481:32) {
  constraint: 's.string().regex()',
  given: 'addVoiceUserTime',
  expected: 'expected /^[\\p{Ll}\\p{Lm}\\p{Lo}\\p{N}\\p{sc=Devanagari}\\p{sc=Thai}_-]+$/u.test(expected) to be true'
}

Node.js v24.11.1
